=================================
Tuv Test program - By Luiz Flavio
=================================
0. Verifying the input file
1. Opening the input data file - tuvlog.txt
2. Reading the data
...................
3. Data was read .... initializing
 air temperature: USSA, 1976
 air density: USSA, 1976
 ozone profile: USSA, 1976
 Initializing Tuv
 Reading cross sections from WMO 1985 Ozone Assessment
zenith =          0.0
         1O2 -> O + O                   
         1    0.806E+19    0.425E-26
         2    0.802E+19    0.221E-25
         3    0.798E+19    0.131E-24
         4    0.791E+19    0.352E-23
         5    0.785E+19    0.757E-22
         6    0.780E+19    0.132E-20
         7    0.775E+19    0.183E-19
         8    0.770E+19    0.203E-18
         9    0.765E+19    0.180E-17
        10    0.760E+19    0.128E-16
        11    0.752E+19    0.754E-16
        12    0.744E+19    0.366E-15
        13    0.731E+19    0.156E-14
        14    0.717E+19    0.555E-14
        15    0.699E+19    0.172E-13
        16    0.680E+19    0.456E-13
zenith =         20.0
         1O2 -> O + O                   
         1    0.806E+19    0.360E-27
         2    0.802E+19    0.209E-26
         3    0.798E+19    0.138E-25
         4    0.791E+19    0.456E-24
         5    0.785E+19    0.119E-22
         6    0.780E+19    0.252E-21
         7    0.775E+19    0.417E-20
         8    0.770E+19    0.541E-19
         9    0.765E+19    0.554E-18
        10    0.760E+19    0.449E-17
        11    0.752E+19    0.296E-16
        12    0.744E+19    0.159E-15
        13    0.731E+19    0.745E-15
        14    0.717E+19    0.287E-14
        15    0.699E+19    0.951E-14
        16    0.680E+19    0.268E-13
zenith =         40.0
         1O2 -> O + O                   
         1    0.806E+19    0.405E-31
         2    0.802E+19    0.353E-30
         3    0.798E+19    0.348E-29
         4    0.791E+19    0.244E-27
         5    0.785E+19    0.133E-25
         6    0.780E+19    0.569E-24
         7    0.775E+19    0.182E-22
         8    0.770E+19    0.431E-21
         9    0.765E+19    0.754E-20
        10    0.760E+19    0.980E-19
        11    0.752E+19    0.985E-18
        12    0.744E+19    0.768E-17
        13    0.731E+19    0.500E-16
        14    0.717E+19    0.257E-15
        15    0.699E+19    0.110E-14
        16    0.680E+19    0.386E-14
zenith =         60.0
         1O2 -> O + O                   
         1    0.806E+19    0.220E-37
         2    0.802E+19    0.335E-36
         3    0.798E+19    0.621E-35
         4    0.791E+19    0.152E-32
         5    0.785E+19    0.269E-30
         6    0.780E+19    0.319E-28
         7    0.775E+19    0.243E-26
         8    0.770E+19    0.122E-24
         9    0.765E+19    0.413E-23
        10    0.760E+19    0.966E-22
        11    0.752E+19    0.167E-20
        12    0.744E+19    0.212E-19
        13    0.731E+19    0.221E-18
        14    0.717E+19    0.173E-17
        15    0.699E+19    0.110E-16
        16    0.680E+19    0.553E-16
zenith =         80.0
         1O2 -> O + O                   
         1    0.806E+19    0.158E-38
         2    0.802E+19    0.245E-37
         3    0.798E+19    0.457E-36
         4    0.791E+19    0.112E-33
         5    0.785E+19    0.200E-31
         6    0.780E+19    0.239E-29
         7    0.775E+19    0.184E-27
         8    0.770E+19    0.927E-26
         9    0.765E+19    0.317E-24
        10    0.760E+19    0.746E-23
        11    0.752E+19    0.129E-21
        12    0.744E+19    0.164E-20
        13    0.731E+19    0.171E-19
        14    0.717E+19    0.132E-18
        15    0.699E+19    0.821E-18
        16    0.680E+19    0.399E-17
 End: total=  0.1600000      user=  8.9999989E-02  system=  7.0000008E-02
