zenith =          0.0
         1O2 -> O + O                   
 0.7070E+01
 0.3759E+00
-0.1308E+01
 0.2779E+00
-0.1295E-01
         2O3 -> O2 + O(1D)              
 0.3696E+02
-0.3947E+02
 0.1206E+02
-0.1179E+01
 0.3640E-01
         3O3 -> O2 + O(3P)              
-0.2446E+01
-0.1012E+01
 0.2398E+00
-0.2085E-01
 0.5971E-03
         4NO2 -> NO + O(3P)             
 0.1162E+02
 0.4995E+00
-0.1370E+00
 0.1473E-01
-0.5209E-03
         5NO3 -> NO + O2                
-0.7467E+02
-0.4068E-01
 0.3046E-02
-0.3493E-03
 0.1300E-04
         6NO3 -> NO2 + O(3P)            
 0.3233E+01
 0.2210E+00
-0.9869E-01
 0.1192E-01
-0.4533E-03
         7N2O5 -> NO3 + NO + O(3P)      
 0.2245E+02
-0.3740E+01
 0.2204E+01
-0.2758E+00
 0.1017E-01
         8N2O5 -> NO3 + NO2             
-0.1997E+02
 0.3596E+02
-0.1341E+02
 0.1726E+01
-0.6627E-01
         9N2O -> N2 + O(1D)             
 0.2146E+02
-0.1454E+02
 0.3728E+01
-0.3417E+00
 0.1067E-01
        10HO2 -> OH + O                 
-0.7225E+01
-0.1905E+02
 0.3493E+01
-0.2899E+00
 0.8709E-02
        11H2O2 -> 2 OH                  
 0.7219E+01
 0.1184E+01
-0.3897E+00
 0.4558E-01
-0.1691E-02
        12HNO2 -> OH + NO               
-0.2406E+00
-0.2155E+01
 0.1012E+01
-0.1102E+00
 0.3265E-02
        13HNO3 -> OH + NO2              
 0.6289E+01
-0.5259E+01
 0.1010E+01
-0.9599E-01
 0.2999E-02
        14HNO4 -> HO2 + NO2             
  3.5230e+01
  9.5423e+00
 -8.5468e+00
  1.4683e+00
 -7.6898e-02
        15CH2O -> H + HCO               
 0.5790E+01
 0.3564E+01
-0.9204E+00
 0.7470E-01
-0.2067E-02
        16CH2O -> H2 + CO               
-0.7339E+01
 0.8577E+01
-0.1439E+01
 0.1715E+00
-0.6845E-02
        17CH3CHO -> CH3 + HCO           
 0.6873E+01
 0.9925E+01
-0.1103E+01
 0.3600E-01
-0.4397E-03
        18CH3CHO -> CH4 + CO            
 0.2127E+03
-0.1728E+03
 0.3302E+02
-0.2579E+01
 0.7060E-01
        19CH3CHO -> CH3CO + H           
  0.0000e+00
  0.0000e+00
  0.0000e+00
  0.0000e+00
  0.0000e+00
        20C2H5CHO -> C2H5 + HCO         
-0.2486E+01
 0.1277E+02
-0.2734E+01
 0.2094E+00
-0.5546E-02
        21CHOCHO -> HCO + HCO           
 0.1594E+02
 0.2352E+01
-0.5208E+00
 0.4645E-01
-0.1468E-02
        22CHOCHO -> CH2O + CO           
  3.6040e+01
 -3.8603e+00
  2.9605e+00
 -6.6538e-01
  4.7142e-02
        23CH3COCHO -> CH3CO + HCO       
-0.8191E+01
-0.1325E+01
 0.3376E+00
-0.3625E-01
 0.1290E-02
        24CH3COCH3 -> CH3CO + CH3       
 0.1569E+02
-0.7515E+01
 0.3110E+01
-0.3417E+00
 0.1105E-01
        25CH3OOH -> CH3O + OH           
 0.8295E+01
-0.4326E+01
 0.7690E+00
-0.5752E-01
 0.1458E-02
        26CH3ONO2 -> CH3O + NO2         
  2.1085e+01
 -2.1159e+01
  6.2026e+00
 -4.2700e-01
 -5.0473e-03
        27CH3CO(OONO2) -> Products      
  3.0852e+01
  9.7764e+00
  2.2015e+00
 -1.5026e+00
  1.2822e-01
        28ClOO -> Products              
  5.6631e+05
 -1.2990e+06
  7.6556e+05
 -1.5708e+05
  1.0288e+04
        29ClONO2 -> Cl + NO3            
  2.1188e+01
 -1.0682e+01
  2.5267e+00
 -2.4710e-01
  9.1664e-03
        30ClONO2 -> ClO + NO2           
  2.5975e+01
 -6.3270e+00
  1.6185e+00
 -1.1348e-01
  1.2053e-03
        31CH3Cl -> Products             
  4.2733e+02
 -1.0545e+02
  3.4780e+01
 -3.1809e+00
 -5.1418e-02
        32CCl2O -> Products             
  6.6423e+01
 -2.9057e+00
  3.4276e+00
 -4.7998e-02
 -5.8369e-02
        33CCl4 -> Products              
  4.1002e+01
  1.0906e+00
  2.6870e+00
 -1.9445e-01
 -2.9140e-02
        34CClFO -> Products             
  3.9827e+01
 -2.1537e+00
  3.3891e+00
 -2.5358e-01
 -2.5985e-02
        35CF2O -> Products              
  1.1693e+02
 -5.9709e-01
  4.3513e+00
  5.2112e-02
 -1.0433e-01
        36CF2ClCFCl2 (CFC-113) -> Produc
  2.9138e+02
 -1.3116e+01
  7.1843e+00
  4.0288e-01
 -2.1503e-01
        37CF2ClCF2Cl (CFC-114) -> Produc
  3.7035e+02
 -4.3987e+01
  1.6544e+01
 -7.0474e-01
 -1.8278e-01
        38CF3CF2Cl (CFC-115) -> Products
  4.6694e+23
 -3.4396e+23
  9.8039e+22
 -1.2356e+22
  5.7133e+20
        39CCl3F (CFC-11) -> Products    
  1.2692e+02
  2.2023e+00
  3.2472e+00
  3.5542e-01
 -1.3382e-01
        40CCl2F2 (CFC-12) -> Products   
  4.4231e+02
 -8.2634e+01
  2.6695e+01
 -1.7751e+00
 -1.5062e-01
        41CH3CCl3 -> Products           
  1.0523e+02
  3.7899e+00
  3.3235e+00
  1.5844e-01
 -1.0733e-01
        42CF3CHCl2 (HCFC-123) -> Product
  2.3084e+02
  2.7748e+00
  3.2216e+00
  8.2080e-01
 -2.1865e-01
        43CF3CHFCl (HCFC-124) -> Product
  2.5169e+02
 -1.0218e+01
  8.5869e+00
  2.6667e-02
 -1.8283e-01
        44CH3CFCl2 (HCFC-141b) -> Produc
  2.3896e+02
 -8.2238e+00
  5.7097e+00
  5.1071e-01
 -2.0140e-01
        45CH3CF2Cl (HCFC-142b) -> Produc
  3.1457e+02
 -1.7751e+01
  8.9825e+00
  2.2861e-01
 -2.1557e-01
        46CF3CF2CHCl2 (HCFC-225ca) -> Pr
  1.8100e+02
 -1.1837e+01
  7.6644e+00
 -1.5354e-01
 -1.2560e-01
        47CF2ClCF2CHFCl (HCFC-225cb) -> 
  2.0678e+02
 -2.4856e+01
 -8.4457e-01
  2.9096e+00
 -3.6848e-01
        48CHClF2 (HCFC-22) -> Products  
  3.4662e+23
 -2.7344e+23
  8.1767e+22
 -1.0629e+22
  5.0122e+20
        49BrONO2 -> BrO + NO2           
  1.0660e+01
 -8.3699e-01
  4.8889e-01
 -9.1485e-02
  6.4567e-03
        50BrONO2 -> Br + NO3            
  1.0847e+01
 -1.1496e+00
  5.4912e-01
 -8.9061e-02
  5.7371e-03
        51CH3Br -> Products             
  3.2158e+01
  2.5019e+00
  1.5169e+00
  9.0606e-03
 -3.6802e-02
        52CHBr3 -> Products             
  1.7471e+01
  2.1286e+01
 -8.2822e+00
  1.2967e+00
 -6.9509e-02
        53CF3Br (Halon-1301) -> Products
  3.0267e+01
  2.9864e-01
  1.6450e+00
 -3.7950e-02
 -2.7604e-02
        54CF2BrCF2Br (Halon-2402) -> Pro
  3.2256e+01
  2.8732e+00
  1.6476e+00
 -8.3175e-02
 -2.7411e-02
        55CF2Br2 (Halon-1202) -> Product
  2.9721e+01
 -1.1729e+01
  1.0615e+01
 -2.4979e+00
  1.5485e-01
        56CF2BrCl (Halon-1211) -> Produc
  2.4652e+08
 -5.6488e+08
  3.3239e+08
 -6.8137e+07
  4.4599e+06
        57Cl2 -> Cl + Cl                
  6.8832e+00
  2.0355e+00
 -9.5927e-01
  1.8153e-01
 -1.0483e-02
        58CH2(OH)CHO -> Products        
  1.2939e+01
 -1.8531e+01
  7.3500e+00
 -1.0685e+00
  5.2814e-02
        59CH3COCOCH3 -> Products        
  1.7521e+01
 -1.5866e+00
  1.0321e+00
 -2.2516e-01
  1.6285e-02
        60CH3COCHCH2 -> Products        
  2.0927e+01
 -1.7271e+00
  1.9885e+00
 -3.8689e-01
  2.3905e-02
        61CH2C(CH3)CHO -> Products      
  0.0000E+00
  0.0000E+00
  0.0000E+00
  0.0000E+00
  0.0000E+00
        62CH3COCO(OH) -> Products       
  6.2786e+00
  2.8445e+00
 -1.5329e+00
  3.0492e-01
 -1.8724e-02
        63CH3CH2ONO2 -> CH3CH2O + NO2   
  2.0045e+01
 -2.0414e+01
  6.1955e+00
 -4.8668e-01
  1.0777e-03
        64CH3CHONO2CH3 -> CH3CHOCH3 + NO
  1.7152e+01
 -1.7510e+01
  5.4874e+00
 -4.6181e-01
  3.7844e-03
        65CH2(OH)CH2(ONO2) -> CH2(OH)CH2
  1.4989e+02
 -1.5450e+02
  5.2312e+01
 -6.7380e+00
  3.6544e-01
        66CH3COCH2(ONO2) -> CH3COCH2(O.)
  6.9940e+00
 -2.7359e+00
  2.1004e+00
 -3.4920e-01
  1.8496e-02
        67C(CH3)3(ONO2) -> C(CH3)3(O.) +
  2.6371e+01
 -2.7271e+01
  1.1233e+01
 -1.6710e+00
  8.4362e-02
        68ClOOCl -> Cl + ClOO           
  7.6433e+00
 -3.9829e+00
  1.5196e+00
 -2.0077e-01
  9.4620e-03
        69CH2(OH)COCH3 -> CH3CO + CH2(OH
  3.1957e+01
 -4.1610e+01
  1.5415e+01
 -2.1468e+00
  1.0318e-01
        70CH2(OH)COCH3 -> CH2(OH)CO + CH
  3.1957e+01
 -4.1610e+01
  1.5415e+01
 -2.1468e+00
  1.0318e-01
        71HOBr -> OH + Br               
  1.2230e+01
 -3.3233e-01
  2.6155e-01
 -4.8951e-02
  3.8937e-03
        72BrO -> Br + O                 
  4.8050e+00
  2.9288e+00
 -1.4713e+00
  2.8528e-01
 -1.7224e-02
        73Br2 -> Br + Br                
  1.2000e+01
 -8.0807e-01
  5.2327e-01
 -1.1521e-01
  8.6395e-03
zenith =         20.0
         1O2 -> O + O                   
 0.7070E+01
 0.3759E+00
-0.1308E+01
 0.2779E+00
-0.1295E-01
         2O3 -> O2 + O(1D)              
 0.3696E+02
-0.3947E+02
 0.1206E+02
-0.1179E+01
 0.3640E-01
         3O3 -> O2 + O(3P)              
-0.2446E+01
-0.1012E+01
 0.2398E+00
-0.2085E-01
 0.5971E-03
         4NO2 -> NO + O(3P)             
 0.1162E+02
 0.4995E+00
-0.1370E+00
 0.1473E-01
-0.5209E-03
         5NO3 -> NO + O2                
-0.7467E+02
-0.4068E-01
 0.3046E-02
-0.3493E-03
 0.1300E-04
         6NO3 -> NO2 + O(3P)            
 0.3233E+01
 0.2210E+00
-0.9869E-01
 0.1192E-01
-0.4533E-03
         7N2O5 -> NO3 + NO + O(3P)      
 0.2245E+02
-0.3740E+01
 0.2204E+01
-0.2758E+00
 0.1017E-01
         8N2O5 -> NO3 + NO2             
-0.1997E+02
 0.3596E+02
-0.1341E+02
 0.1726E+01
-0.6627E-01
         9N2O -> N2 + O(1D)             
 0.2146E+02
-0.1454E+02
 0.3728E+01
-0.3417E+00
 0.1067E-01
        10HO2 -> OH + O                 
-0.7225E+01
-0.1905E+02
 0.3493E+01
-0.2899E+00
 0.8709E-02
        11H2O2 -> 2 OH                  
 0.7219E+01
 0.1184E+01
-0.3897E+00
 0.4558E-01
-0.1691E-02
        12HNO2 -> OH + NO               
-0.2406E+00
-0.2155E+01
 0.1012E+01
-0.1102E+00
 0.3265E-02
        13HNO3 -> OH + NO2              
 0.6289E+01
-0.5259E+01
 0.1010E+01
-0.9599E-01
 0.2999E-02
        14HNO4 -> HO2 + NO2             
  3.5230e+01
  9.5423e+00
 -8.5468e+00
  1.4683e+00
 -7.6898e-02
        15CH2O -> H + HCO               
 0.5790E+01
 0.3564E+01
-0.9204E+00
 0.7470E-01
-0.2067E-02
        16CH2O -> H2 + CO               
-0.7339E+01
 0.8577E+01
-0.1439E+01
 0.1715E+00
-0.6845E-02
        17CH3CHO -> CH3 + HCO           
 0.6873E+01
 0.9925E+01
-0.1103E+01
 0.3600E-01
-0.4397E-03
        18CH3CHO -> CH4 + CO            
 0.2127E+03
-0.1728E+03
 0.3302E+02
-0.2579E+01
 0.7060E-01
        19CH3CHO -> CH3CO + H           
  0.0000e+00
  0.0000e+00
  0.0000e+00
  0.0000e+00
  0.0000e+00
        20C2H5CHO -> C2H5 + HCO         
-0.2486E+01
 0.1277E+02
-0.2734E+01
 0.2094E+00
-0.5546E-02
        21CHOCHO -> HCO + HCO           
 0.1594E+02
 0.2352E+01
-0.5208E+00
 0.4645E-01
-0.1468E-02
        22CHOCHO -> CH2O + CO           
  3.6040e+01
 -3.8603e+00
  2.9605e+00
 -6.6538e-01
  4.7142e-02
        23CH3COCHO -> CH3CO + HCO       
-0.8191E+01
-0.1325E+01
 0.3376E+00
-0.3625E-01
 0.1290E-02
        24CH3COCH3 -> CH3CO + CH3       
 0.1569E+02
-0.7515E+01
 0.3110E+01
-0.3417E+00
 0.1105E-01
        25CH3OOH -> CH3O + OH           
 0.8295E+01
-0.4326E+01
 0.7690E+00
-0.5752E-01
 0.1458E-02
        26CH3ONO2 -> CH3O + NO2         
  2.1085e+01
 -2.1159e+01
  6.2026e+00
 -4.2700e-01
 -5.0473e-03
        27CH3CO(OONO2) -> Products      
  3.0852e+01
  9.7764e+00
  2.2015e+00
 -1.5026e+00
  1.2822e-01
        28ClOO -> Products              
  7.4825e+05
 -1.7157e+06
  1.0107e+06
 -2.0732e+05
  1.3575e+04
        29ClONO2 -> Cl + NO3            
  2.1225e+01
 -1.1138e+01
  2.7526e+00
 -2.7667e-01
  1.0056e-02
        30ClONO2 -> ClO + NO2           
  2.7289e+01
 -8.5405e+00
  2.6974e+00
 -2.9012e-01
  1.0377e-02
        31CH3Cl -> Products             
  4.2573e+02
 -1.1148e+02
  3.9428e+01
 -4.0323e+00
 -5.6876e-03
        32CCl2O -> Products             
  6.8598e+01
 -7.3436e+00
  6.1217e+00
 -5.2661e-01
 -3.2558e-02
        33CCl4 -> Products              
  4.2838e+01
 -1.7675e+00
  4.3590e+00
 -4.8848e-01
 -1.3305e-02
        34CClFO -> Products             
  4.1551e+01
 -5.7489e+00
  5.6199e+00
 -6.6485e-01
 -2.7452e-03
        35CF2O -> Products              
  1.1788e+02
 -4.1934e+00
  7.2125e+00
 -5.0189e-01
 -7.2985e-02
        36CF2ClCFCl2 (CFC-113) -> Produc
  2.9221e+02
 -2.0348e+01
  1.2060e+01
 -4.6241e-01
 -1.6936e-01
        37CF2ClCF2Cl (CFC-114) -> Produc
  3.6567e+02
 -4.6275e+01
  1.9974e+01
 -1.3989e+00
 -1.4432e-01
        38CF3CF2Cl (CFC-115) -> Products
  4.5212e+23
 -3.4200e+23
  9.8984e+22
 -1.2575e+22
  5.8368e+20
        39CCl3F (CFC-11) -> Products    
  1.2795e+02
 -1.1555e+00
  5.7315e+00
 -8.5627e-02
 -1.1133e-01
        40CCl2F2 (CFC-12) -> Products   
  4.3974e+02
 -9.0011e+01
  3.2330e+01
 -2.7980e+00
 -9.6102e-02
        41CH3CCl3 -> Products           
  1.0602e+02
  9.9350e-01
  5.6376e+00
 -2.8053e-01
 -8.3373e-02
        42CF3CHCl2 (HCFC-123) -> Product
  2.3056e+02
  9.1208e-02
  6.1426e+00
  2.4572e-01
 -1.8737e-01
        43CF3CHFCl (HCFC-124) -> Product
  2.5246e+02
 -1.4816e+01
  1.2447e+01
 -7.0265e-01
 -1.4347e-01
        44CH3CFCl2 (HCFC-141b) -> Produc
  2.3993e+02
 -1.5361e+01
  1.0989e+01
 -4.8832e-01
 -1.4550e-01
        45CH3CF2Cl (HCFC-142b) -> Produc
  3.1742e+02
 -2.7109e+01
  1.4969e+01
 -8.3730e-01
 -1.5855e-01
        46CF3CF2CHCl2 (HCFC-225ca) -> Pr
  1.8213e+02
 -1.6282e+01
  1.0828e+01
 -7.1826e-01
 -9.6175e-02
        47CF2ClCF2CHFCl (HCFC-225cb) -> 
  2.0416e+02
 -2.5620e+01
  6.5634e-01
  2.6666e+00
 -3.6008e-01
        48CHClF2 (HCFC-22) -> Products  
  3.3469e+23
 -2.7033e+23
  8.1914e+22
 -1.0723e+22
  5.0754e+20
        49BrONO2 -> BrO + NO2           
  1.1069e+01
 -8.8401e-01
  3.7813e-01
 -4.8382e-02
  2.5932e-03
        50BrONO2 -> Br + NO3            
  1.0880e+01
 -4.6025e-01
  1.5533e-01
 -9.6512e-03
  4.5152e-04
        51CH3Br -> Products             
  3.3157e+01
  7.8016e-01
  2.6883e+00
 -2.0747e-01
 -2.4816e-02
        52CHBr3 -> Products             
  2.0466e+01
  1.7310e+01
 -6.7612e+00
  1.1002e+00
 -6.1988e-02
        53CF3Br (Halon-1301) -> Products
  3.1561e+01
 -2.1570e+00
  3.1303e+00
 -3.0643e-01
 -1.2684e-02
        54CF2BrCF2Br (Halon-2402) -> Pro
  3.4593e+01
 -1.4949e+00
  4.2536e+00
 -5.6884e-01
  7.6766e-04
        55CF2Br2 (Halon-1202) -> Product
  3.4117e+01
 -1.8256e+01
  1.3668e+01
 -3.0699e+00
  1.9191e-01
        56CF2BrCl (Halon-1211) -> Produc
  1.0525e+09
 -2.4116e+09
  1.4188e+09
 -2.9079e+08
  1.9030e+07
        57Cl2 -> Cl + Cl                
  6.7419e+00
  2.9016e+00
 -1.4104e+00
  2.6681e-01
 -1.5905e-02
        58CH2(OH)CHO -> Products        
  1.2422e+01
 -1.8241e+01
  7.3319e+00
 -1.0656e+00
  5.1895e-02
        59CH3COCOCH3 -> Products        
  1.7797e+01
 -1.1798e+00
  7.4209e-01
 -1.5913e-01
  1.1560e-02
        60CH3COCHCH2 -> Products        
  2.0351e+01
 -1.1220e-01
  1.3538e+00
 -2.8666e-01
  1.8248e-02
        61CH2C(CH3)CHO -> Products      
  3.8865e+00
  3.4159e+00
 -1.7828e+00
  3.5331e-01
 -2.2049e-02
        62CH3COCO(OH) -> Products       
  6.2951e+00
  3.4637e+00
 -1.9269e+00
  3.9094e-01
 -2.4744e-02
        63CH3CH2ONO2 -> CH3CH2O + NO2   
  1.9621e+01
 -2.1079e+01
  6.9208e+00
 -6.3859e-01
  9.8002e-03
        64CH3CHONO2CH3 -> CH3CHOCH3 + NO
  1.7603e+01
 -1.8909e+01
  6.3810e+00
 -6.2806e-01
  1.2892e-02
        65CH2(OH)CH2(ONO2) -> CH2(OH)CH2
  1.4193e+02
 -1.4945e+02
  5.1363e+01
 -6.6445e+00
  3.7794e-01
        66CH3COCH2(ONO2) -> CH3COCH2(O.)
  6.6701e+00
 -1.6765e+00
  1.6708e+00
 -2.7918e-01
  1.4238e-02
        67C(CH3)3(ONO2) -> C(CH3)3(O.) +
  2.4211e+01
 -2.4549e+01
  1.0314e+01
 -1.5356e+00
  7.6706e-02
        68ClOOCl -> Cl + ClOO           
  7.1903e+00
 -2.8558e+00
  9.8357e-01
 -1.0030e-01
  2.9691e-03
        69CH2(OH)COCH3 -> CH3CO + CH2(OH
  3.0700e+01
 -4.1181e+01
  1.5653e+01
 -2.2173e+00
  1.0747e-01
        70CH2(OH)COCH3 -> CH2(OH)CO + CH
  3.0700e+01
 -4.1181e+01
  1.5653e+01
 -2.2173e+00
  1.0747e-01
        71HOBr -> OH + Br               
  1.2198e+01
  3.7213e-01
 -1.3685e-01
  3.2847e-02
 -1.6445e-03
        72BrO -> Br + O                 
  4.7327e+00
  3.8447e+00
 -1.9760e+00
  3.8606e-01
 -2.3864e-02
        73Br2 -> Br + Br                
  1.2206e+01
 -4.6329e-01
  2.7289e-01
 -5.2876e-02
  3.8459e-03
zenith =         40.0
         1O2 -> O + O                   
-0.1895E+00
 0.1173E+02
-0.4908E+01
 0.7820E+00
-0.3439E-01
         2O3 -> O2 + O(1D)              
 0.1962E+02
-0.2455E+02
 0.9490E+01
-0.1049E+01
 0.3501E-01
         3O3 -> O2 + O(3P)              
-0.3079E+01
-0.5048E+00
 0.1277E+00
-0.1175E-01
 0.3456E-03
         4NO2 -> NO + O(3P)             
 0.1153E+02
 0.5407E+00
-0.1458E+00
 0.1569E-01
-0.5555E-03
         5NO3 -> NO + O2                
-0.7465E+02
-0.7051E-01
 0.8473E-02
-0.9057E-03
 0.3180E-04
         6NO3 -> NO2 + O(3P)            
 0.3155E+01
 0.3559E+00
-0.1534E+00
 0.1835E-01
-0.6973E-03
         7N2O5 -> NO3 + NO + O(3P)      
 0.2650E+02
-0.2605E+02
 0.7603E+01
-0.5420E+00
 0.7451E-02
         8N2O5 -> NO3 + NO2             
 0.1966E+02
 0.5411E-01
 0.1362E+01
-0.2107E+00
 0.8579E-02
         9N2O -> N2 + O(1D)             
-0.2380E+02
 0.3767E+02
-0.1202E+02
 0.1779E+01
-0.7717E-01
        10HO2 -> OH + O                 
 0.2125E+02
-0.1242E+02
 0.2822E+01
-0.1615E+00
 0.1873E-02
        11H2O2 -> 2 OH                  
-0.1070E+02
-0.1866E+02
 0.3452E+01
-0.2876E+00
 0.8628E-02
        12HNO2 -> OH + NO               
 0.6843E+01
 0.1299E+01
-0.4284E+00
 0.5045E-01
-0.1890E-02
        13HNO3 -> OH + NO2              
-0.1506E+02
 0.1398E+02
-0.2476E+01
 0.1543E+00
-0.3430E-02
        14HNO4 -> HO2 + NO2             
 0.2068E+01
-0.7057E+00
-0.1971E+00
 0.9200E-02
-0.5000E-05
        15CH2O -> H + HCO               
 0.5924E+01
 0.4186E+01
-0.1217E+01
 0.1055E+00
-0.3038E-02
        16CH2O -> H2 + CO               
-0.7911E+01
 0.8992E+01
-0.1554E+01
 0.1856E+00
-0.7309E-02
        17CH3CHO -> CH3 + HCO           
 0.5082E+01
 0.1396E+02
-0.2272E+01
 0.1452E+00
-0.3790E-02
        18CH3CHO -> CH4 + CO            
 0.1701E+03
-0.1574E+03
 0.3097E+02
-0.2461E+01
 0.6813E-01
        19CH3CHO -> CH3CO + H           
  0.0000e+00
  0.0000e+00
  0.0000e+00
  0.0000e+00
  0.0000e+00
        20C2H5CHO -> C2H5 + HCO         
-0.9485E+00
 0.1351E+02
-0.3240E+01
 0.2661E+00
-0.7396E-02
        21CHOCHO -> HCO + HCO           
 0.1571E+02
 0.2718E+01
-0.6571E+00
 0.5990E-01
-0.1893E-02
        22CHOCHO -> CH2O + CO           
  3.6360e+01
 -1.2941e+00
  1.4854e+00
 -3.5734e-01
  2.6111e-02
        23CH3COCHO -> CH3CO + HCO       
-0.8311E+01
-0.1182E+01
 0.3142E+00
-0.3576E-01
 0.1336E-02
        24CH3COCH3 -> CH3CO + CH3       
 0.4926E+01
 0.3918E+01
 0.3607E+00
-0.1143E+00
 0.4793E-02
        25CH3OOH -> CH3O + OH           
 0.6043E+01
-0.2715E+01
 0.3730E+00
-0.2205E-01
 0.3954E-03
        26CH3ONO2 -> CH3O + NO2         
  1.8966e+01
 -2.3187e+01
  8.9485e+00
 -1.0468e+00
  3.1931e-02
        27CH3CO(OONO2) -> Products      
  2.5716e+01
  2.7682e+01
 -8.4459e+00
  3.7871e-01
  2.4105e-02
        28ClOO -> Products              
  2.0500e+06
 -4.6967e+06
  2.7637e+06
 -5.6642e+05
  3.7064e+04
        29ClONO2 -> Cl + NO3            
  2.1676e+01
 -1.3285e+01
  3.6571e+00
 -3.9672e-01
  1.4272e-02
        30ClONO2 -> ClO + NO2           
  2.8777e+01
 -1.2306e+01
  4.7067e+00
 -6.4065e-01
  2.8962e-02
        31CH3Cl -> Products             
  4.1513e+02
 -1.3052e+02
  5.6719e+01
 -7.2337e+00
  1.6395e-01
        32CCl2O -> Products             
  7.4227e+01
 -2.0378e+01
  1.4629e+01
 -2.0522e+00
  4.9671e-02
        33CCl4 -> Products              
  4.7277e+01
 -1.1718e+01
  1.1153e+01
 -1.7520e+00
  5.7637e-02
        34CClFO -> Products             
  4.4742e+01
 -1.3182e+01
  1.1039e+01
 -1.6740e+00
  5.3125e-02
        35CF2O -> Products              
  1.2415e+02
 -1.9608e+01
  1.7917e+01
 -2.4121e+00
  2.7433e-02
        36CF2ClCFCl2 (CFC-113) -> Produc
  2.9340e+02
 -4.3421e+01
  2.9324e+01
 -3.5343e+00
 -1.0820e-02
        37CF2ClCF2Cl (CFC-114) -> Produc
  3.6081e+02
 -6.8906e+01
  3.7986e+01
 -4.6167e+00
  2.1413e-02
        38CF3CF2Cl (CFC-115) -> Products
  4.0253e+23
 -3.3131e+23
  1.0087e+23
 -1.3188e+22
  6.2223e+20
        39CCl3F (CFC-11) -> Products    
  1.3406e+02
 -1.7506e+01
  1.7317e+01
 -2.1521e+00
 -3.4319e-03
        40CCl2F2 (CFC-12) -> Products   
  4.3116e+02
 -1.0936e+02
  4.9625e+01
 -5.9279e+00
  6.3875e-02
        41CH3CCl3 -> Products           
  1.1172e+02
 -1.3153e+01
  1.5684e+01
 -2.0646e+00
  9.1794e-03
        42CF3CHCl2 (HCFC-123) -> Product
  2.3721e+02
 -2.0444e+01
  2.0959e+01
 -2.3656e+00
 -5.4234e-02
        43CF3CHFCl (HCFC-124) -> Product
  2.5570e+02
 -3.2807e+01
  2.6910e+01
 -3.3219e+00
 -8.1031e-03
        44CH3CFCl2 (HCFC-141b) -> Produc
  2.4450e+02
 -3.4747e+01
  2.5305e+01
 -3.0146e+00
 -1.6983e-02
        45CH3CF2Cl (HCFC-142b) -> Produc
  3.1905e+02
 -4.7309e+01
  3.0808e+01
 -3.6528e+00
 -1.5649e-02
        46CF3CF2CHCl2 (HCFC-225ca) -> Pr
  1.8545e+02
 -3.1699e+01
  2.2684e+01
 -2.8531e+00
  1.4668e-02
        47CF2ClCF2CHFCl (HCFC-225cb) -> 
  2.0112e+02
 -4.0931e+01
  1.3360e+01
  3.8859e-01
 -2.4351e-01
        48CHClF2 (HCFC-22) -> Products  
  2.9352e+23
 -2.5439e+23
  8.0201e+22
 -1.0730e+22
  5.1414e+20
        49BrONO2 -> BrO + NO2           
  9.8636e+00
  1.9430e+00
 -1.1459e+00
  2.4912e-01
 -1.6738e-02
        50BrONO2 -> Br + NO3            
  9.9571e+00
  1.9431e+00
 -1.1346e+00
  2.4415e-01
 -1.6285e-02
        51CH3Br -> Products             
  3.9461e+01
 -1.1352e+01
  1.0096e+01
 -1.5393e+00
  4.8794e-02
        52CHBr3 -> Products             
  2.9746e+01
  4.0353e+00
 -7.2606e-01
  1.0882e-01
 -1.0147e-02
        53CF3Br (Halon-1301) -> Products
  3.6907e+01
 -1.2873e+01
  9.7236e+00
 -1.5119e+00
  5.5408e-02
        54CF2BrCF2Br (Halon-2402) -> Pro
  4.5105e+01
 -2.2611e+01
  1.6827e+01
 -2.9576e+00
  1.4370e-01
        55CF2Br2 (Halon-1202) -> Product
  4.4960e+01
 -3.4328e+01
  2.1118e+01
 -4.4864e+00
  2.8918e-01
        56CF2BrCl (Halon-1211) -> Produc
  2.3551e+11
 -5.3942e+11
  3.1722e+11
 -6.4983e+10
  4.2506e+09
        57Cl2 -> Cl + Cl                
  5.7791e+00
  5.0472e+00
 -2.6261e+00
  5.1361e-01
 -3.2503e-02
        58CH2(OH)CHO -> Products        
  7.4424e+00
 -1.1668e+01
  4.8427e+00
 -7.2184e-01
  3.4548e-02
        59CH3COCOCH3 -> Products        
  1.7264e+01
  2.0213e+00
 -1.1229e+00
  2.2422e-01
 -1.4035e-02
        60CH3COCHCH2 -> Products        
  1.8304e+01
  3.9005e+00
 -3.5589e-01
 -8.8015e-03
  2.3548e-03
        61CH2C(CH3)CHO -> Products      
 0.0000E+00
 0.0000E+00
 0.0000E+00
 0.0000E+00
 0.0000E+00
        62CH3COCO(OH) -> Products       
  5.1945e+00
  5.9039e+00
 -3.3472e+00
  6.8139e-01
 -4.4225e-02
        63CH3CH2ONO2 -> CH3CH2O + NO2   
  1.7390e+01
 -2.1288e+01
  8.4095e+00
 -1.0318e+00
  3.4971e-02
        64CH3CHONO2CH3 -> CH3CHOCH3 + NO
  1.4752e+01
 -1.7593e+01
  6.9507e+00
 -8.5265e-01
  2.8613e-02
        65CH2(OH)CH2(ONO2) -> CH2(OH)CH2
  1.1427e+02
 -1.2836e+02
  4.7177e+01
 -6.4665e+00
  4.8855e-01
        66CH3COCH2(ONO2) -> CH3COCH2(O.)
  4.5322e+00
  2.0446e+00
  1.8975e-01
 -6.5891e-02
  2.7907e-03
        67C(CH3)3(ONO2) -> C(CH3)3(O.) +
  1.6972e+01
 -1.5393e+01
  7.0704e+00
 -1.1022e+00
  5.5681e-02
        68ClOOCl -> Cl + ClOO           
  6.1401e+00
 -1.1208e+00
  9.7081e-02
  6.8534e-02
 -8.2729e-03
        69CH2(OH)COCH3 -> CH3CO + CH2(OH
  2.4815e+01
 -3.7148e+01
  1.5270e+01
 -2.2908e+00
  1.1480e-01
        70CH2(OH)COCH3 -> CH2(OH)CO + CH
  2.4815e+01
 -3.7148e+01
  1.5270e+01
 -2.2908e+00
  1.1480e-01
        71HOBr -> OH + Br               
  1.1294e+01
  2.9335e+00
 -1.5131e+00
  3.0669e-01
 -1.9900e-02
        72BrO -> Br + O                 
  3.9089e+00
  5.5676e+00
 -3.0230e+00
  6.0651e-01
 -3.9013e-02
        73Br2 -> Br + Br                
  1.1929e+01
  2.4903e+00
 -1.4608e+00
  3.0479e-01
 -2.0146e-02
zenith =         60.0
         1O2 -> O + O                   
-0.1638E+02
 0.3958E+02
-0.1606E+02
 0.2488E+01
-0.1077E+00
         2O3 -> O2 + O(1D)              
-0.2315E+02
 0.2426E+02
-0.2826E+01
-0.3649E-03
 0.5939E-02
         3O3 -> O2 + O(3P)              
-0.3974E+01
 0.3165E+00
-0.7318E-01
 0.5292E-02
-0.1394E-03
         4NO2 -> NO + O(3P)             
 0.1136E+02
 0.5802E+00
-0.1499E+00
 0.1645E-01
-0.5966E-03
         5NO3 -> NO + O2                
-0.7464E+02
-0.1207E+00
 0.1455E-01
-0.1564E-02
 0.5550E-04
         6NO3 -> NO2 + O(3P)            
 0.2808E+01
 0.6323E+00
-0.2726E+00
 0.3265E-01
-0.1250E-02
         7N2O5 -> NO3 + NO + O(3P)      
 0.6710E+02
-0.7909E+02
 0.2461E+02
-0.2071E+01
 0.4810E-01
         8N2O5 -> NO3 + NO2             
 0.1837E+02
 0.4619E+01
 0.2547E+00
-0.1197E+00
 0.6375E-02
         9N2O -> N2 + O(1D)             
-0.5101E+02
 0.9591E+02
-0.3419E+02
 0.5055E+01
-0.2158E+00
        10HO2 -> OH + O                 
-0.4153E+01
 0.2473E+02
-0.1137E+02
 0.1819E+01
-0.7925E-01
        11H2O2 -> 2 OH                  
-0.1660E+02
-0.1775E+02
 0.3260E+01
-0.2704E+00
 0.8049E-02
        12HNO2 -> OH + NO               
 0.5976E+01
 0.1501E+01
-0.4931E+00
 0.5883E-01
-0.2256E-02
        13HNO3 -> OH + NO2              
-0.1125E+02
 0.2029E+02
-0.5391E+01
 0.4692E+00
-0.1363E-01
        14HNO4 -> HO2 + NO2             
 0.4837E+00
 0.2130E+01
-0.1477E+01
 0.1459E+00
-0.4428E-02
        15CH2O -> H + HCO               
  5.0661e+00
  1.1820e+01
 -5.7851e+00
  9.6909e-01
 -5.5555e-02
        16CH2O -> H2 + CO               
-0.8969E+01
 0.9657E+01
-0.1778E+01
 0.2186E+00
-0.8465E-02
        17CH3CHO -> CH3 + HCO           
 0.6672E+01
 0.1784E+02
-0.3836E+01
 0.3077E+00
-0.9108E-02
        18CH3CHO -> CH4 + CO            
 0.6373E+02
-0.1009E+03
 0.2045E+02
-0.1652E+01
 0.4621E-01
        19CH3CHO -> CH3CO + H           
  0.0000e+00
  0.0000e+00
  0.0000e+00
  0.0000e+00
  0.0000e+00
        20C2H5CHO -> C2H5 + HCO         
 0.6551E+01
 0.1004E+02
-0.3142E+01
 0.2893E+00
-0.8648E-02
        21CHOCHO -> HCO + HCO           
 0.1623E+02
 0.2482E+01
-0.7158E+00
 0.6861E-01
-0.2212E-02
        22CHOCHO -> CH2O + CO           
  3.5637e+01
  3.3425e+00
 -1.1808e+00
  1.7722e-01
 -8.6595e-03
        23CH3COCHO -> CH3CO + HCO       
-0.7875E+01
-0.1366E+01
 0.3688E+00
-0.4288E-01
 0.1665E-02
        24CH3COCH3 -> CH3CO + CH3       
-0.9723E+01
 0.2415E+02
-0.5494E+01
 0.4353E+00
-0.1185E-01
        25CH3OOH -> CH3O + OH           
 0.2494E+01
-0.1060E+00
-0.3462E+00
 0.4881E-01
-0.1885E-02
        26CH3ONO2 -> CH3O + NO2         
  2.4571e+00
 -8.4665e-01
  1.5744e+00
 -2.2734e-01
  1.7742e-03
        27CH3CO(OONO2) -> Products      
  1.9060e+01
  5.4027e+01
 -2.7274e+01
  4.0731e+00
 -1.9656e-01
        28ClOO -> Products              
 -2.0135e+03
  5.7396e+03
 -2.6658e+03
  4.2985e+02
 -2.2850e+01
        29ClONO2 -> Cl + NO3            
  1.6123e+01
 -8.4743e+00
  1.6564e+00
 -4.2450e-02
 -8.5144e-03
        30ClONO2 -> ClO + NO2           
  2.2184e+01
 -3.7682e+00
  1.6921e+00
 -2.3859e-01
  9.5054e-03
        31CH3Cl -> Products             
  3.6715e+02
 -8.7487e+01
  4.2104e+01
 -1.6607e+00
 -3.8193e-01
        32CCl2O -> Products             
  7.1533e+01
 -1.6729e+01
  1.5990e+01
 -1.5819e+00
 -3.3493e-02
        33CCl4 -> Products              
  4.9595e+01
 -1.3679e+01
  1.3572e+01
 -1.4392e+00
 -1.2956e-02
        34CClFO -> Products             
  4.4621e+01
 -1.0626e+01
  1.1322e+01
 -1.0576e+00
 -3.0538e-02
        35CF2O -> Products              
  1.1399e+02
  4.6605e+00
  6.8599e+00
  1.4158e+00
 -3.2571e-01
        36CF2ClCFCl2 (CFC-113) -> Produc
  2.6816e+02
 -1.7823e+01
  2.0990e+01
  8.4826e-01
 -4.7590e-01
        37CF2ClCF2Cl (CFC-114) -> Produc
  3.1829e+02
 -3.0591e+01
  2.5071e+01
  8.2774e-01
 -5.2699e-01
        38CF3CF2Cl (CFC-115) -> Products
  2.9329e+23
 -2.8026e+23
  9.3331e+22
 -1.2886e+22
  6.2936e+20
        39CCl3F (CFC-11) -> Products    
  1.2580e+02
  3.8983e-01
  1.0271e+01
  1.0158e+00
 -3.2332e-01
        40CCl2F2 (CFC-12) -> Products   
  3.8445e+02
 -7.0977e+01
  3.8491e+01
 -8.1707e-01
 -4.6863e-01
        41CH3CCl3 -> Products           
  1.0576e+02
  2.4076e+00
  9.6504e+00
  7.3112e-01
 -2.7549e-01
        42CF3CHCl2 (HCFC-123) -> Product
  2.2217e+02
  1.0094e+01
  7.8104e+00
  2.7942e+00
 -5.5350e-01
        43CF3CHFCl (HCFC-124) -> Product
  2.3374e+02
  9.6406e+00
  7.8254e+00
  3.0386e+00
 -5.8821e-01
        44CH3CFCl2 (HCFC-141b) -> Produc
  2.2688e+02
 -6.6370e+00
  1.4265e+01
  1.5980e+00
 -4.7462e-01
        45CH3CF2Cl (HCFC-142b) -> Produc
  2.9238e+02
 -5.9961e+00
  1.2374e+01
  2.9704e+00
 -6.3620e-01
        46CF3CF2CHCl2 (HCFC-225ca) -> Pr
  1.7158e+02
 -9.4143e+00
  1.4172e+01
  7.9385e-01
 -3.5026e-01
        47CF2ClCF2CHFCl (HCFC-225cb) -> 
  1.8418e+02
 -3.7641e+01
  1.9437e+01
  7.2929e-01
 -3.7829e-01
        48CHClF2 (HCFC-22) -> Products  
  2.0694e+23
 -2.0371e+23
  6.9120e+22
 -9.6602e+21
  4.7572e+20
        49BrONO2 -> BrO + NO2           
  6.8218e+00
  7.8020e+00
 -4.2931e+00
  8.5679e-01
 -5.5952e-02
        50BrONO2 -> Br + NO3            
  7.3173e+00
  7.1500e+00
 -4.0132e+00
  8.1237e-01
 -5.3601e-02
        51CH3Br -> Products             
  4.4211e+01
 -1.9097e+01
  1.6156e+01
 -2.1245e+00
  4.5793e-02
        52CHBr3 -> Products             
  2.9616e+01
  6.0165e+00
 -3.8498e-01
 -2.0828e-01
  1.6979e-02
        53CF3Br (Halon-1301) -> Products
  3.8865e+01
 -1.6266e+01
  1.2975e+01
 -1.6185e+00
  2.7816e-02
        54CF2BrCF2Br (Halon-2402) -> Pro
  4.7390e+01
 -2.3854e+01
  1.8784e+01
 -2.6954e+00
  8.5667e-02
        55CF2Br2 (Halon-1202) -> Product
  3.8957e+01
 -1.7800e+01
  1.2188e+01
 -3.0937e+00
  2.7452e-01
        56CF2BrCl (Halon-1211) -> Produc
  3.5073e+11
 -8.0620e+11
  4.7645e+11
 -9.8133e+10
  6.4546e+09
        57Cl2 -> Cl + Cl                
  4.0861e+00
  8.2322e+00
 -4.5949e+00
  9.3050e-01
 -6.1507e-02
        58CH2(OH)CHO -> Products        
 -3.0182e+00
  4.6170e+00
 -1.9921e+00
  2.6158e-01
 -1.4015e-02
        59CH3COCOCH3 -> Products        
  1.5605e+01
  7.1867e+00
 -4.1704e+00
  8.5235e-01
 -5.6340e-02
        60CH3COCHCH2 -> Products        
  1.4243e+01
  1.3023e+01
 -4.5233e+00
  6.9595e-01
 -3.8266e-02
        61CH2C(CH3)CHO -> Products      
 0.0000E+00
 0.0000E+00
 0.0000E+00
 0.0000E+00
 0.0000E+00
        62CH3COCO(OH) -> Products       
  2.7063e+00
  9.4861e+00
 -5.4764e+00
  1.1280e+00
 -7.5314e-02
        63CH3CH2ONO2 -> CH3CH2O + NO2   
  1.4594e+00
  8.4140e-01
  7.7187e-01
 -1.3486e-01
 -4.3201e-04
        64CH3CHONO2CH3 -> CH3CHOCH3 + NO
  5.9325e-01
  2.7469e+00
 -4.2124e-01
  6.2794e-02
 -1.0006e-02
        65CH2(OH)CH2(ONO2) -> CH2(OH)CH2
  1.0393e+02
 -2.0627e+02
  1.4225e+02
 -3.7162e+01
  4.1461e+00
        66CH3COCH2(ONO2) -> CH3COCH2(O.)
 -1.0076e+00
  1.3658e+01
 -5.2123e+00
  7.8722e-01
 -4.3019e-02
        67C(CH3)3(ONO2) -> C(CH3)3(O.) +
  3.2063e+00
  5.9630e+00
 -1.7272e+00
  1.9871e-01
 -1.0627e-02
        68ClOOCl -> Cl + ClOO           
  1.5610e+00
  6.3114e+00
 -3.4848e+00
  6.9583e-01
 -4.6017e-02
        69CH2(OH)COCH3 -> CH3CO + CH2(OH
  5.2050e+00
 -1.1503e+01
  6.0357e+00
 -1.0766e+00
  5.9428e-02
        70CH2(OH)COCH3 -> CH2(OH)CO + CH
  5.2050e+00
 -1.1503e+01
  6.0357e+00
 -1.0766e+00
  5.9428e-02
        71HOBr -> OH + Br               
  8.7203e+00
  8.2275e+00
 -4.4271e+00
  8.7828e-01
 -5.7287e-02
        72BrO -> Br + O                 
  1.7895e+00
  8.9557e+00
 -5.0446e+00
  1.0287e+00
 -6.8178e-02
        73Br2 -> Br + Br                
  1.0326e+01
  8.1814e+00
 -4.8728e+00
  1.0208e+00
 -6.8959e-02
zenith =         80.0
         1O2 -> O + O                   
-0.1932E+02
 0.4848E+02
-0.1816E+02
 0.2644E+01
-0.1113E+00
         2O3 -> O2 + O(1D)              
 0.1728E+02
 0.8264E+01
-0.4332E+01
 0.4240E+00
-0.1205E-01
         3O3 -> O2 + O(3P)              
-0.3679E+01
 0.3203E+00
-0.2073E+00
 0.2292E-01
-0.8063E-03
         4NO2 -> NO + O(3P)             
 0.1162E+02
-0.1252E+00
 0.1497E+00
-0.1788E-01
 0.6020E-03
         5NO3 -> NO + O2                
-0.7465E+02
-0.3094E+00
 0.2662E-01
-0.3132E-02
 0.1261E-03
         6NO3 -> NO2 + O(3P)            
 0.1354E+01
 0.1268E+01
-0.6397E+00
 0.7837E-01
-0.3072E-02
         7N2O5 -> NO3 + NO + O(3P)      
 0.4900E+02
-0.4330E+02
 0.1243E+02
-0.6545E+00
-0.3124E-02
         8N2O5 -> NO3 + NO2             
 0.3719E+02
-0.5631E+01
 0.2814E+01
-0.3031E+00
 0.1144E-01
         9N2O -> N2 + O(1D)             
-0.4231E+02
 0.1101E+03
-0.3837E+02
 0.5405E+01
-0.2250E+00
        10HO2 -> OH + O                 
-0.1008E+02
 0.3177E+02
-0.1279E+02
 0.1910E+01
-0.8098E-01
        11H2O2 -> 2 OH                  
-0.2675E+02
-0.1888E+02
 0.3767E+01
-0.3337E+00
 0.1035E-01
        12HNO2 -> OH + NO               
 0.5699E+01
-0.2313E+00
 0.1181E+00
-0.1085E-01
 0.9490E-04
        13HNO3 -> OH + NO2              
 0.1952E+02
-0.9656E+01
 0.3008E+00
 0.3705E-01
-0.1937E-02
        14HNO4 -> HO2 + NO2             
 0.1146E+02
-0.1376E+02
 0.1489E+01
-0.8155E-01
 0.1865E-02
        15CH2O -> H + HCO               
 0.1915E+02
-0.9104E+01
 0.1121E+01
-0.5157E-01
 0.7693E-03
        16CH2O -> H2 + CO               
-0.1538E+02
 0.1580E+02
-0.3802E+01
 0.4911E+00
-0.1826E-01
        17CH3CHO -> CH3 + HCO           
 0.3248E+02
 0.1777E+01
-0.1424E+01
 0.1013E+00
-0.2249E-02
        18CH3CHO -> CH4 + CO            
-0.7258E+02
-0.1391E+02
 0.2730E+01
-0.2204E+00
 0.6206E-02
        19CH3CHO -> CH3CO + H           
  0.0000e+00
  0.0000e+00
  0.0000e+00
  0.0000e+00
  0.0000e+00
        20C2H5CHO -> C2H5 + HCO         
 0.2933E+02
-0.1389E+02
 0.1774E+01
-0.1105E+00
 0.2751E-02
        21CHOCHO -> HCO + HCO           
 0.2003E+02
-0.1591E+01
 0.3060E-01
 0.9648E-02
-0.5457E-03
        22CHOCHO -> CH2O + CO           
  3.4639e+01
  7.0984e+00
 -3.2561e+00
  5.6963e-01
 -3.4003e-02
        23CH3COCHO -> CH3CO + HCO       
-0.6542E+01
-0.2002E+01
 0.5333E+00
-0.5663E-01
 0.2222E-02
        24CH3COCH3 -> CH3CO + CH3       
 0.4106E+01
-0.4695E+01
 0.8728E+00
-0.5511E-01
 0.9340E-03
        25CH3OOH -> CH3O + OH           
  2.7094e+00
 -3.9361e+00
  7.9360e-01
 -9.6430e-02
  1.5770e-03
        26CH3ONO2 -> CH3O + NO2         
 -6.7134e+00
  2.5313e+01
 -1.3500e+01
  2.1590e+00
 -1.1422e-01
        27CH3CO(OONO2) -> Products      
  7.0819e+01
 -4.8136e+01
  9.8083e+00
 -1.1339e+00
  5.8510e-02
        28ClOO -> Products              
 -1.5664e+03
  4.8810e+03
 -2.2652e+03
  3.6296e+02
 -1.9171e+01
        29ClONO2 -> Cl + NO3            
  5.5502e+00
 -2.3851e+00
 -5.1147e-02
  1.1952e-01
 -1.4948e-02
        30ClONO2 -> ClO + NO2           
  1.5343e+01
  6.8535e+00
 -2.6345e+00
  3.8463e-01
 -1.7870e-02
        31CH3Cl -> Products             
  2.3145e+02
  1.8616e+02
 -4.9457e+01
  1.1744e+01
 -1.1338e+00
        32CCl2O -> Products             
  5.5148e+01
  4.9417e+01
 -9.7924e+00
  2.6967e+00
 -2.9440e-01
        33CCl4 -> Products              
  4.2487e+01
  3.3011e+01
 -6.0927e+00
  1.9880e+00
 -2.2708e-01
        34CClFO -> Products             
  3.7519e+01
  3.2479e+01
 -6.6379e+00
  2.0562e+00
 -2.2501e-01
        35CF2O -> Products              
  9.3163e+01
  1.0117e+02
 -2.8933e+01
  7.1777e+00
 -6.7394e-01
        36CF2ClCFCl2 (CFC-113) -> Produc
  1.8364e+02
  1.9160e+02
 -4.8485e+01
  1.1219e+01
 -1.0811e+00
        37CF2ClCF2Cl (CFC-114) -> Produc
  2.0273e+02
  2.2092e+02
 -5.6286e+01
  1.2627e+01
 -1.1995e+00
        38CF3CF2Cl (CFC-115) -> Products
  6.8237e+22
 -7.9731e+22
  2.9845e+22
 -4.4316e+21
  2.2719e+20
        39CCl3F (CFC-11) -> Products    
  1.0132e+02
  1.0610e+02
 -2.8654e+01
  7.2478e+00
 -6.9865e-01
        40CCl2F2 (CFC-12) -> Products   
  2.4781e+02
  2.1506e+02
 -5.5881e+01
  1.2942e+01
 -1.2456e+00
        41CH3CCl3 -> Products           
  8.7699e+01
  9.3036e+01
 -2.4180e+01
  6.2254e+00
 -6.1020e-01
        42CF3CHCl2 (HCFC-123) -> Product
  1.7726e+02
  1.7287e+02
 -4.8651e+01
  1.1542e+01
 -1.0774e+00
        43CF3CHFCl (HCFC-124) -> Product
  1.8296e+02
  1.8552e+02
 -5.3014e+01
  1.2362e+01
 -1.1394e+00
        44CH3CFCl2 (HCFC-141b) -> Produc
  1.7260e+02
  1.6239e+02
 -4.3453e+01
  1.0394e+01
 -9.9426e-01
        45CH3CF2Cl (HCFC-142b) -> Produc
  2.1681e+02
  2.0617e+02
 -5.8803e+01
  1.3583e+01
 -1.2521e+00
        46CF3CF2CHCl2 (HCFC-225ca) -> Pr
  1.3048e+02
  1.2701e+02
 -3.4371e+01
  8.3653e+00
 -7.9935e-01
        47CF2ClCF2CHFCl (HCFC-225cb) -> 
  1.1413e+02
  1.2498e+02
 -3.8085e+01
  9.3341e+00
 -8.5825e-01
        48CHClF2 (HCFC-22) -> Products  
  4.5292e+22
 -5.3262e+22
  2.0005e+22
 -2.9767e+21
  1.5281e+20
        49BrONO2 -> BrO + NO2           
  4.4650e+00
  8.3777e+00
 -5.0426e+00
  1.0556e+00
 -7.4439e-02
        50BrONO2 -> Br + NO3            
  4.7398e+00
  8.0768e+00
 -4.9250e+00
  1.0368e+00
 -7.3431e-02
        51CH3Br -> Products             
  3.6190e+01
  2.5416e+01
 -3.3865e+00
  1.3545e+00
 -1.7249e-01
        52CHBr3 -> Products             
  2.5250e+01
  2.2975e+01
 -1.2040e+01
  1.7068e+00
 -7.7134e-02
        53CF3Br (Halon-1301) -> Products
  3.1168e+01
  2.0598e+01
 -2.6347e+00
  1.1114e+00
 -1.4292e-01
        54CF2BrCF2Br (Halon-2402) -> Pro
  3.7201e+01
  2.3649e+01
 -2.1554e+00
  1.0531e+00
 -1.5027e-01
        55CF2Br2 (Halon-1202) -> Product
  2.3140e+01
  1.9670e+00
  1.1127e+01
 -3.4666e+00
  3.0558e-01
        56CF2BrCl (Halon-1211) -> Produc
  2.0945e+10
 -4.8212e+10
  2.8548e+10
 -5.8927e+09
  3.8844e+08
        57Cl2 -> Cl + Cl                
  4.2382e+00
  1.8550e+00
 -1.2165e+00
  2.8239e-01
 -2.5045e-02
        58CH2(OH)CHO -> Products        
  3.9838e+00
 -3.7225e+00
 -1.6730e+00
  2.5590e-01
 -7.4878e-03
        59CH3COCOCH3 -> Products        
  9.3885e+00
  1.5191e+01
 -9.1017e+00
  1.8958e+00
 -1.3000e-01
        60CH3COCHCH2 -> Products        
  2.1568e+01
  4.8844e+00
 -3.6431e-01
 -5.8986e-02
  7.3032e-03
        61CH2C(CH3)CHO -> Products      
 0.0000E+00
 0.0000E+00
 0.0000E+00
 0.0000E+00
 0.0000E+00
        62CH3COCO(OH) -> Products       
  2.5778e+00
  9.6507e-01
 -6.1871e-01
  1.4781e-01
 -1.6712e-02
        63CH3CH2ONO2 -> CH3CH2O + NO2   
 -4.5251e+00
  2.0131e+01
 -1.1361e+01
  1.8079e+00
 -9.4122e-02
        64CH3CHONO2CH3 -> CH3CHOCH3 + NO
 -2.0499e+00
  1.4601e+01
 -8.9837e+00
  1.4383e+00
 -7.4488e-02
        65CH2(OH)CH2(ONO2) -> CH2(OH)CH2
 -3.9266e+01
 -2.1718e+02
  4.8903e+02
 -1.1844e+02
  9.5741e+00
        66CH3COCH2(ONO2) -> CH3COCH2(O.)
  1.0666e+01
 -7.7352e-01
 -4.8479e-01
 -3.8930e-02
  1.0295e-02
        67C(CH3)3(ONO2) -> C(CH3)3(O.) +
  8.5730e+00
  2.4796e+00
 -2.4789e+00
  2.6444e-01
 -4.4960e-03
        68ClOOCl -> Cl + ClOO           
  3.1771e+00
 -7.1101e-02
 -7.2343e-01
  1.8720e-01
 -1.7006e-02
        69CH2(OH)COCH3 -> CH3CO + CH2(OH
 -5.4926e+00
  1.0877e+01
 -5.9979e+00
  8.8148e-01
 -4.0049e-02
        70CH2(OH)COCH3 -> CH2(OH)CO + CH
 -5.4926e+00
  1.0877e+01
 -5.9979e+00
  8.8148e-01
 -4.0049e-02
        71HOBr -> OH + Br               
  7.2963e+00
  6.5388e+00
 -3.8974e+00
  8.0588e-01
 -5.7342e-02
        72BrO -> Br + O                 
  2.8531e+00
 -4.3365e-01
  3.5615e-01
 -4.6293e-02
 -3.9998e-03
        73Br2 -> Br + Br                
  2.2501e+00
  2.0401e+01
 -1.2365e+01
  2.6157e+00
 -1.8047e-01
